[0;34m[INFO][0m AWS CLI μ—°κ²° ν™•μΈ μ¤‘...
[0;34m[INFO][0m π“΅ λ„¤νΈμ›ν‚Ή λ¦¬μ†μ¤ μμ§‘ μ‹μ‘...
[0;34m[INFO][0m μμ§‘ μ¤‘: VPC μ •λ³΄
[0;32m[SUCCESS][0m VPC μ •λ³΄ μ™„λ£ (networking_vpc.json, 1886 bytes)
[0;34m[INFO][0m μμ§‘ μ¤‘: μ„λΈλ„· μ •λ³΄
[0;32m[SUCCESS][0m μ„λΈλ„· μ •λ³΄ μ™„λ£ (networking_subnets.json, 10993 bytes)
[0;34m[INFO][0m μμ§‘ μ¤‘: λ³΄μ• κ·Έλ£Ή μ •λ³΄
[0;32m[SUCCESS][0m λ³΄μ• κ·Έλ£Ή μ •λ³΄ μ™„λ£ (security_groups.json, 22597 bytes)
[0;34m[INFO][0m μμ§‘ μ¤‘: λΌμ°ν… ν…μ΄λΈ” μ •λ³΄
[0;32m[SUCCESS][0m λΌμ°ν… ν…μ΄λΈ” μ •λ³΄ μ™„λ£ (networking_route_tables.json, 12550 bytes)
[0;34m[INFO][0m μμ§‘ μ¤‘: μΈν„°λ„· κ²μ΄νΈμ›¨μ΄ μ •λ³΄
[0;32m[SUCCESS][0m μΈν„°λ„· κ²μ΄νΈμ›¨μ΄ μ •λ³΄ μ™„λ£ (networking_igw.json, 1347 bytes)
[0;34m[INFO][0m μμ§‘ μ¤‘: NAT κ²μ΄νΈμ›¨μ΄ μ •λ³΄
[0;32m[SUCCESS][0m NAT κ²μ΄νΈμ›¨μ΄ μ •λ³΄ μ™„λ£ (networking_nat.json, 1962 bytes)
[0;34m[INFO][0m μμ§‘ μ¤‘: VPC μ—”λ“ν¬μΈνΈ μ •λ³΄
[0;32m[SUCCESS][0m VPC μ—”λ“ν¬μΈνΈ μ •λ³΄ μ™„λ£ (networking_vpc_endpoints.json, 1076 bytes)
[0;34m[INFO][0m μμ§‘ μ¤‘: VPC ν”Όμ–΄λ§ μ—°κ²° μ •λ³΄
[1;33m[WARNING][0m VPC ν”Όμ–΄λ§ μ—°κ²° μ •λ³΄ - λ°μ΄ν„° μ—†μ (networking_vpc_peering.json, 3 bytes)
[0;34m[INFO][0m μμ§‘ μ¤‘: Elastic IP μ •λ³΄
[0;32m[SUCCESS][0m Elastic IP μ •λ³΄ μ™„λ£ (networking_eip.json, 2398 bytes)
[0;34m[INFO][0m μμ§‘ μ¤‘: λ„¤νΈμ›ν¬ μΈν„°νμ΄μ¤ μ •λ³΄
[0;32m[SUCCESS][0m λ„¤νΈμ›ν¬ μΈν„°νμ΄μ¤ μ •λ³΄ μ™„λ£ (networking_interfaces.json, 7270 bytes)
[0;34m[INFO][0m μμ§‘ μ¤‘: λ„¤νΈμ›ν¬ ACL μ •λ³΄
[0;32m[SUCCESS][0m λ„¤νΈμ›ν¬ ACL μ •λ³΄ μ™„λ£ (networking_acl.json, 7898 bytes)
[0;34m[INFO][0m μμ§‘ μ¤‘: VPC Flow Logs μ •λ³΄
[1;33m[WARNING][0m VPC Flow Logs μ •λ³΄ - λ°μ΄ν„° μ—†μ (networking_flow_logs.json, 3 bytes)
[0;34m[INFO][0m μμ§‘ μ¤‘: Transit Gateway μ •λ³΄
[1;33m[WARNING][0m Transit Gateway μ •λ³΄ - λ°μ΄ν„° μ—†μ (networking_transit_gateway.json, 3 bytes)
[0;34m[INFO][0m μμ§‘ μ¤‘: Transit Gateway μ—°κ²° μ •λ³΄
[1;33m[WARNING][0m Transit Gateway μ—°κ²° μ •λ³΄ - λ°μ΄ν„° μ—†μ (networking_transit_gateway_attachments.json, 3 bytes)
[0;34m[INFO][0m μμ§‘ μ¤‘: Customer Gateway μ •λ³΄
[1;33m[WARNING][0m Customer Gateway μ •λ³΄ - λ°μ΄ν„° μ—†μ (networking_customer_gateways.json, 3 bytes)
[0;34m[INFO][0m μμ§‘ μ¤‘: VPN Gateway μ •λ³΄
[1;33m[WARNING][0m VPN Gateway μ •λ³΄ - λ°μ΄ν„° μ—†μ (networking_vpn_gateways.json, 3 bytes)
[0;32m[SUCCESS][0m λ„¤νΈμ›ν‚Ή λ¦¬μ†μ¤ λ°μ΄ν„° μμ§‘ μ™„λ£!
[0;34m[INFO][0m μ„±κ³µ: 10/16
[1;33m[WARNING][0m μΌλ¶€ μ¤λ¥κ°€ λ°μƒν–μµλ‹λ‹¤. /home/ec2-user/amazonqcli_lab/report/aws_cli_errors.log νμΌμ„ ν™•μΈν•μ„Έμ”.
